[2022/12/22/19/49/3][INFO]The ZeroDegree Framework Is Run!
[2022/12/22/19/49/3][DEBUG]Debug Information:
[2022/12/22/19/49/3][|]Traceback (most recent call last):
[2022/12/22/19/49/3][|]  File "C:\Users\Lenovo\desktop\zero-degree\ZeroDegree.py", line 48, in set_and_run
[2022/12/22/19/49/3][|]    main(zerodegree,logs)
[2022/12/22/19/49/3][|]  File "C:\Users\Lenovo\desktop\zero-degree\ZeroDegree.py", line 28, in main
[2022/12/22/19/49/3][|]    i = zerodegree.processing_attack_command(info)
[2022/12/22/19/49/3][|]  File "C:\Users\Lenovo\desktop\zero-degree\core.py", line 210, in processing_attack_command
[2022/12/22/19/49/3][|]    self.attack_command[command[0]](command)
[2022/12/22/19/49/3][|]  File "C:\Users\Lenovo\desktop\zero-degree\core.py", line 171, in _use
[2022/12/22/19/49/3][|]    temp = __import__("".join((data, ".main")))
[2022/12/22/19/49/3][|]ModuleNotFoundError: No module named 'zerodos'
[2022/12/22/19/49/3][|]
[2022/12/22/19/49/3][DEBUG]COMMAND HISTORY
[2022/12/22/19/49/3][|]use
[2022/12/22/19/51/3][INFO]The ZeroDegree Framework Is Run!
[2022/12/22/19/51/3][DEBUG]Debug Information:
[2022/12/22/19/51/3][|]Traceback (most recent call last):
[2022/12/22/19/51/3][|]  File "C:\Users\Lenovo\desktop\zero-degree\ZeroDegree.py", line 48, in set_and_run
[2022/12/22/19/51/3][|]    main(zerodegree,logs)
[2022/12/22/19/51/3][|]  File "C:\Users\Lenovo\desktop\zero-degree\ZeroDegree.py", line 28, in main
[2022/12/22/19/51/3][|]    i = zerodegree.processing_attack_command(info)
[2022/12/22/19/51/3][|]  File "C:\Users\Lenovo\desktop\zero-degree\core.py", line 210, in processing_attack_command
[2022/12/22/19/51/3][|]    self.attack_command[command[0]](command)
[2022/12/22/19/51/3][|]  File "C:\Users\Lenovo\desktop\zero-degree\core.py", line 171, in _use
[2022/12/22/19/51/3][|]    temp = __import__("".join((data, ".main")))
[2022/12/22/19/51/3][|]ModuleNotFoundError: No module named 'zerodos'
[2022/12/22/19/51/3][|]
[2022/12/22/19/51/3][DEBUG]COMMAND HISTORY
[2022/12/22/19/51/3][|]jdddjdmfjfufvjfjjeonvtijtdnovnnut efinfojnsojcjoscno
[2022/12/22/19/51/3][|]e e,ff
[2022/12/22/19/51/3][|]use zerodos
[2022/12/24/8/38/5][INFO]The ZeroDegree Framework Is Run!
[2022/12/24/8/38/5][DEBUG]Debug Information:
[2022/12/24/8/38/5][|]Traceback (most recent call last):
[2022/12/24/8/38/5][|]  File "C:\Users\Lenovo\desktop\zero-degree\ZeroDegree.py", line 46, in set_and_run
[2022/12/24/8/38/5][|]    main(zerodegree,logs)
[2022/12/24/8/38/5][|]  File "C:\Users\Lenovo\desktop\zero-degree\ZeroDegree.py", line 28, in main
[2022/12/24/8/38/5][|]    i = zerodegree.processing_attack_command(info)
[2022/12/24/8/38/5][|]  File "C:\Users\Lenovo\desktop\zero-degree\core.py", line 189, in processing_attack_command
[2022/12/24/8/38/5][|]    self.attack_command[command[0]](command)
[2022/12/24/8/38/5][|]  File "C:\Users\Lenovo\desktop\zero-degree\core.py", line 156, in _use
[2022/12/24/8/38/5][|]    temp = __import__("".join((data, ".main")))
[2022/12/24/8/38/5][|]ModuleNotFoundError: No module named 'zerodos'
[2022/12/24/8/38/5][|]
[2022/12/24/8/38/5][DEBUG]COMMAND HISTORY
[2022/12/24/8/38/5][|]use zerodos
[2022/12/24 8:45:5][INFO]The ZeroDegree Framework Is Run!
[2022/12/24 8:45:5][DEBUG]Debug Information:
[2022/12/24 8:45:5][|]Traceback (most recent call last):
[2022/12/24 8:45:5][|]  File "C:\Users\Lenovo\desktop\zero-degree\ZeroDegree.py", line 47, in set_and_run
[2022/12/24 8:45:5][|]    main(zerodegree,logs)
[2022/12/24 8:45:5][|]  File "C:\Users\Lenovo\desktop\zero-degree\ZeroDegree.py", line 28, in main
[2022/12/24 8:45:5][|]    i = zerodegree.processing_attack_command(info)
[2022/12/24 8:45:5][|]  File "C:\Users\Lenovo\desktop\zero-degree\core.py", line 189, in processing_attack_command
[2022/12/24 8:45:5][|]    self.attack_command[command[0]](command)
[2022/12/24 8:45:5][|]  File "C:\Users\Lenovo\desktop\zero-degree\core.py", line 156, in _use
[2022/12/24 8:45:5][|]    temp = __import__("".join((data, ".main")))
[2022/12/24 8:45:5][|]ModuleNotFoundError: No module named 'zerodos'
[2022/12/24 8:45:5][|]
[2022/12/24 8:45:5][DEBUG]COMMAND HISTORY
[2022/12/24 8:45:5][|]zerodos
[2022/12/24 8:45:5][|]use
[2022/12/24 8:45:5][|]use zerodos
[2022/12/24 8:49:5][INFO]The ZeroDegree Framework Is Run!
[2022/12/24 8:49:5][DEBUG]Debug Information:
[2022/12/24 8:49:5][|]Traceback (most recent call last):
[2022/12/24 8:49:5][|]  File "C:\Users\Lenovo\desktop\zero-degree\ZeroDegree.py", line 47, in set_and_run
[2022/12/24 8:49:5][|]    main(zerodegree,logs)
[2022/12/24 8:49:5][|]  File "C:\Users\Lenovo\desktop\zero-degree\ZeroDegree.py", line 28, in main
[2022/12/24 8:49:5][|]    i = zerodegree.processing_attack_command(info)
[2022/12/24 8:49:5][|]  File "C:\Users\Lenovo\desktop\zero-degree\core.py", line 189, in processing_attack_command
[2022/12/24 8:49:5][|]    self.attack_command[command[0]](command)
[2022/12/24 8:49:5][|]  File "C:\Users\Lenovo\desktop\zero-degree\core.py", line 133, in _set
[2022/12/24 8:49:5][|]    self.Module.set_the_option(command[1], command[2])
[2022/12/24 8:49:5][|]AttributeError: 'str' object has no attribute 'set_the_option'
[2022/12/24 8:49:5][|]
[2022/12/24 8:49:5][DEBUG]COMMAND HISTORY
[2022/12/24 8:49:5][|]
[2022/12/24 8:49:5][|]
[2022/12/24 8:49:5][|]
[2022/12/24 8:49:5][|]
[2022/12/24 8:49:5][|]
[2022/12/24 8:49:5][|]
[2022/12/24 8:49:5][|]
[2022/12/24 8:49:5][|]
[2022/12/24 8:49:5][|]set s
[2022/12/24 8:51:5][INFO]The ZeroDegree Framework Is Run!
[2022/12/24 8:51:5][DEBUG]Debug Information:
[2022/12/24 8:51:5][|]Traceback (most recent call last):
[2022/12/24 8:51:5][|]  File "C:\Users\Lenovo\desktop\zero-degree\ZeroDegree.py", line 47, in set_and_run
[2022/12/24 8:51:5][|]    main(zerodegree,logs)
[2022/12/24 8:51:5][|]  File "C:\Users\Lenovo\desktop\zero-degree\ZeroDegree.py", line 28, in main
[2022/12/24 8:51:5][|]    i = zerodegree.processing_attack_command(info)
[2022/12/24 8:51:5][|]  File "C:\Users\Lenovo\desktop\zero-degree\core.py", line 190, in processing_attack_command
[2022/12/24 8:51:5][|]    self.attack_command[command[0]](command)
[2022/12/24 8:51:5][|]  File "C:\Users\Lenovo\desktop\zero-degree\core.py", line 134, in _set
[2022/12/24 8:51:5][|]    self.Module.set_the_option(command[1], command[2])
[2022/12/24 8:51:5][|]AttributeError: 'str' object has no attribute 'set_the_option'
[2022/12/24 8:51:5][|]
[2022/12/24 8:51:5][DEBUG]COMMAND HISTORY
[2022/12/24 8:51:5][|]set s
[2022/12/24 8:58:5][INFO]The ZeroDegree Framework Is Run!
[2022/12/24 8:58:5][DEBUG]Debug Information:
[2022/12/24 8:58:5][|]Traceback (most recent call last):
[2022/12/24 8:58:5][|]  File "C:\Users\Lenovo\desktop\zero-degree\ZeroDegree.py", line 46, in set_and_run
[2022/12/24 8:58:5][|]    main(zerodegree,logs)
[2022/12/24 8:58:5][|]  File "C:\Users\Lenovo\desktop\zero-degree\ZeroDegree.py", line 28, in main
[2022/12/24 8:58:5][|]    i = zerodegree.processing_attack_command(info)
[2022/12/24 8:58:5][|]  File "C:\Users\Lenovo\desktop\zero-degree\core.py", line 187, in processing_attack_command
[2022/12/24 8:58:5][|]    self.attack_command[command[0]](command)
[2022/12/24 8:58:5][|]  File "C:\Users\Lenovo\desktop\zero-degree\core.py", line 154, in _use
[2022/12/24 8:58:5][|]    temp = __import__("".join((data, ".main")))
[2022/12/24 8:58:5][|]ModuleNotFoundError: No module named 'zerodos'
[2022/12/24 8:58:5][|]
[2022/12/24 8:58:5][DEBUG]COMMAND HISTORY
[2022/12/24 8:58:5][|]use zerodos
[2022/12/24 8:59:5][INFO]The ZeroDegree Framework Is Run!
[2022/12/24 8:59:5][DEBUG]Debug Information:
[2022/12/24 8:59:5][|]Traceback (most recent call last):
[2022/12/24 8:59:5][|]  File "C:\Users\Lenovo\desktop\zero-degree\ZeroDegree.py", line 46, in set_and_run
[2022/12/24 8:59:5][|]    main(zerodegree,logs)
[2022/12/24 8:59:5][|]  File "C:\Users\Lenovo\desktop\zero-degree\ZeroDegree.py", line 28, in main
[2022/12/24 8:59:5][|]    i = zerodegree.processing_attack_command(info)
[2022/12/24 8:59:5][|]  File "C:\Users\Lenovo\desktop\zero-degree\core.py", line 188, in processing_attack_command
[2022/12/24 8:59:5][|]    self.attack_command[command[0]](command)
[2022/12/24 8:59:5][|]  File "C:\Users\Lenovo\desktop\zero-degree\core.py", line 155, in _use
[2022/12/24 8:59:5][|]    temp = __import__("".join((data, ".main")))
[2022/12/24 8:59:5][|]ModuleNotFoundError: No module named 'zerodos'
[2022/12/24 8:59:5][|]
[2022/12/24 8:59:5][DEBUG]COMMAND HISTORY
[2022/12/24 8:59:5][|]use zerodos
[2022/12/24 9:0:5][INFO]The ZeroDegree Framework Is Run!
[2022/12/24 9:0:5][DEBUG]Debug Information:
[2022/12/24 9:0:5][|]Traceback (most recent call last):
[2022/12/24 9:0:5][|]  File "C:\Users\Lenovo\desktop\zero-degree\ZeroDegree.py", line 46, in set_and_run
[2022/12/24 9:0:5][|]    main(zerodegree,logs)
[2022/12/24 9:0:5][|]  File "C:\Users\Lenovo\desktop\zero-degree\ZeroDegree.py", line 28, in main
[2022/12/24 9:0:5][|]    i = zerodegree.processing_attack_command(info)
[2022/12/24 9:0:5][|]  File "C:\Users\Lenovo\desktop\zero-degree\core.py", line 187, in processing_attack_command
[2022/12/24 9:0:5][|]    self.attack_command[command[0]](command)
[2022/12/24 9:0:5][|]  File "C:\Users\Lenovo\desktop\zero-degree\core.py", line 155, in _use
[2022/12/24 9:0:5][|]    self.Module = temp.main.Entrance()
[2022/12/24 9:0:5][|]AttributeError: module 'attack' has no attribute 'main'
[2022/12/24 9:0:5][|]
[2022/12/24 9:0:5][DEBUG]COMMAND HISTORY
[2022/12/24 9:0:5][|]use zerodos
[2022/12/24 9:6:5][INFO]The ZeroDegree Framework Is Run!
[2022/12/24 9:6:5][DEBUG]Debug Information:
[2022/12/24 9:6:5][|]Traceback (most recent call last):
[2022/12/24 9:6:5][|]  File "C:\Users\Lenovo\desktop\zero-degree\ZeroDegree.py", line 46, in set_and_run
[2022/12/24 9:6:5][|]    main(zerodegree,logs)
[2022/12/24 9:6:5][|]  File "C:\Users\Lenovo\desktop\zero-degree\ZeroDegree.py", line 29, in main
[2022/12/24 9:6:5][|]    i = zerodegree.processing_attack_command(info)
[2022/12/24 9:6:5][|]  File "C:\Users\Lenovo\desktop\zero-degree\core.py", line 183, in processing_attack_command
[2022/12/24 9:6:5][|]    self.attack_command[command[0]](command)
[2022/12/24 9:6:5][|]  File "C:\Users\Lenovo\desktop\zero-degree\core.py", line 70, in _show
[2022/12/24 9:6:5][|]    print("\t> " + options.upper() + " " * (19 - len(options)) +
[2022/12/24 9:6:5][|]TypeError: can only concatenate str (not "int") to str
[2022/12/24 9:6:5][|]
[2022/12/24 9:6:5][DEBUG]COMMAND HISTORY
[2022/12/24 9:6:5][|]use zerodos
[2022/12/24 9:6:5][|]show
[2022/12/24 9:6:5][|]show options
[2022/12/24 9:8:5][INFO]The ZeroDegree Framework Is Run!
[2022/12/24 9:8:5][DEBUG]Debug Information:
[2022/12/24 9:8:5][|]Traceback (most recent call last):
[2022/12/24 9:8:5][|]  File "C:\Users\Lenovo\desktop\zero-degree\ZeroDegree.py", line 46, in set_and_run
[2022/12/24 9:8:5][|]    main(zerodegree,logs)
[2022/12/24 9:8:5][|]  File "C:\Users\Lenovo\desktop\zero-degree\ZeroDegree.py", line 29, in main
[2022/12/24 9:8:5][|]    i = zerodegree.processing_attack_command(info)
[2022/12/24 9:8:5][|]  File "C:\Users\Lenovo\desktop\zero-degree\core.py", line 183, in processing_attack_command
[2022/12/24 9:8:5][|]    self.attack_command[command[0]](command)
[2022/12/24 9:8:5][|]  File "C:\Users\Lenovo\desktop\zero-degree\core.py", line 165, in _run
[2022/12/24 9:8:5][|]    info = self.Module.run_the_attack()
[2022/12/24 9:8:5][|]AttributeError: 'Entrance' object has no attribute 'run_the_attack'
[2022/12/24 9:8:5][|]
[2022/12/24 9:8:5][DEBUG]COMMAND HISTORY
[2022/12/24 9:8:5][|]use zerodos
[2022/12/24 9:8:5][|]run
[2022/12/24 12:14:5][INFO]The ZeroDegree Framework Is Run!
[2022/12/24 12:14:5][DEBUG]Debug Information:
[2022/12/24 12:14:5][|]Traceback (most recent call last):
[2022/12/24 12:14:5][|]  File "C:\Users\Lenovo\desktop\zero-degree\ZeroDegree.py", line 46, in set_and_run
[2022/12/24 12:14:5][|]    main(zerodegree,logs)
[2022/12/24 12:14:5][|]  File "C:\Users\Lenovo\desktop\zero-degree\ZeroDegree.py", line 29, in main
[2022/12/24 12:14:5][|]    i = zerodegree.processing_attack_command(info)
[2022/12/24 12:14:5][|]  File "C:\Users\Lenovo\desktop\zero-degree\core.py", line 182, in processing_attack_command
[2022/12/24 12:14:5][|]    self.attack_command[command[0]](command)
[2022/12/24 12:14:5][|]  File "C:\Users\Lenovo\desktop\zero-degree\core.py", line 70, in _show
[2022/12/24 12:14:5][|]    print("\t> " + options.upper() + " " * (19 - len(options)) +
[2022/12/24 12:14:5][|]TypeError: can only concatenate str (not "int") to str
[2022/12/24 12:14:5][|]
[2022/12/24 12:14:5][DEBUG]COMMAND HISTORY
[2022/12/24 12:14:5][|]run
[2022/12/24 12:14:5][|]use zerodos
[2022/12/24 12:14:5][|]run
[2022/12/24 12:14:5][|]show options
