[2023/1/23 15:54:0][INFO]The ZeroDegree Framework Is Run!
[2023/1/23 15:54:0][INFO]The ZeroDegree Framework Is Exit!
[2023/1/23 16:6:0][INFO]The ZeroDegree Framework Is Run!
[2023/1/23 16:17:0][INFO]The ZeroDegree Framework Is Exit!
[2023/1/23 16:17:0][INFO]The ZeroDegree Framework Is Run!
[2023/1/23 16:19:0][INFO]The ZeroDegree Framework Is Exit!
[2023/1/23 16:19:0][INFO]The ZeroDegree Framework Is Run!
[2023/1/23 16:20:0][INFO]The ZeroDegree Framework Is Exit!
[2023/1/23 16:20:0][INFO]The ZeroDegree Framework Is Run!
[2023/1/23 16:21:0][INFO]The ZeroDegree Framework Is Exit!
[2023/1/23 16:21:0][INFO]The ZeroDegree Framework Is Run!
[2023/1/23 16:21:0][INFO]The ZeroDegree Framework Is Exit!
[2023/1/23 16:22:0][INFO]The ZeroDegree Framework Is Run!
[2023/1/23 16:23:0][INFO]The ZeroDegree Framework Is Exit!
[2023/1/23 16:23:0][INFO]The ZeroDegree Framework Is Run!
[2023/1/23 16:29:0][INFO]The ZeroDegree Framework Is Exit!
[2023/1/23 16:29:0][INFO]The ZeroDegree Framework Is Run!
[2023/1/23 16:30:0][INFO]The ZeroDegree Framework Is Exit!
[2023/1/23 16:30:0][INFO]The ZeroDegree Framework Is Run!
[2023/1/23 16:30:0][INFO]The ZeroDegree Framework Is Exit!
[2023/1/23 16:30:0][INFO]The ZeroDegree Framework Is Run!
[2023/1/23 16:31:0][INFO]The ZeroDegree Framework Is Exit!
[2023/1/23 16:31:0][INFO]The ZeroDegree Framework Is Run!
[2023/1/23 16:32:0][INFO]The ZeroDegree Framework Is Exit!
[2023/1/23 16:32:0][INFO]The ZeroDegree Framework Is Run!
[2023/1/23 16:32:0][INFO]The ZeroDegree Framework Is Exit!
[2023/1/23 16:32:0][INFO]The ZeroDegree Framework Is Run!
[2023/1/23 16:33:0][INFO]The ZeroDegree Framework Is Exit!
[2023/1/23 16:33:0][INFO]The ZeroDegree Framework Is Run!
[2023/1/23 16:33:0][INFO]The ZeroDegree Framework Is Exit!
[2023/1/23 16:33:0][INFO]The ZeroDegree Framework Is Run!
[2023/1/23 16:33:0][INFO]The ZeroDegree Framework Is Exit!
[2023/1/23 16:33:0][INFO]The ZeroDegree Framework Is Run!
[2023/1/23 16:33:0][INFO]The ZeroDegree Framework Is Exit!
[2023/1/23 16:33:0][INFO]The ZeroDegree Framework Is Run!
[2023/1/23 16:34:0][INFO]The ZeroDegree Framework Is Exit!
[2023/1/23 16:34:0][INFO]The ZeroDegree Framework Is Run!
[2023/1/23 16:34:0][INFO]The ZeroDegree Framework Is Exit!
[2023/1/23 16:34:0][INFO]The ZeroDegree Framework Is Run!
[2023/1/23 16:34:0][INFO]The ZeroDegree Framework Is Exit!
[2023/1/23 16:35:0][INFO]The ZeroDegree Framework Is Run!
[2023/1/23 16:36:0][INFO]The ZeroDegree Framework Is Exit!
[2023/1/23 16:36:0][INFO]The ZeroDegree Framework Is Run!
[2023/1/23 16:38:0][INFO]The ZeroDegree Framework Is Exit!
[2023/1/23 16:38:0][INFO]The ZeroDegree Framework Is Run!
[2023/1/23 16:38:0][INFO]The ZeroDegree Framework Is Exit!
[2023/1/23 16:38:0][INFO]The ZeroDegree Framework Is Run!
[2023/1/23 16:41:0][INFO]The ZeroDegree Framework Is Exit!
[2023/1/23 16:41:0][INFO]The ZeroDegree Framework Is Run!
[2023/1/23 16:44:0][INFO]The ZeroDegree Framework Is Exit!
[2023/1/23 16:53:0][INFO]The ZeroDegree Framework Is Run!
[2023/1/23 16:53:0][DEBUG]Debug Infomation:
[2023/1/23 16:53:0][|]Traceback (most recent call last):
[2023/1/23 16:53:0][|]  File "/home/alpha/桌面/ZeroDegree/ZeroDegree.py", line 75, in set_and_run
[2023/1/23 16:53:0][|]    main(zerodegree,runlogs)
[2023/1/23 16:53:0][|]  File "/home/alpha/桌面/ZeroDegree/ZeroDegree.py", line 54, in main
[2023/1/23 16:53:0][|]    i = zerodegree.processingAttackCommand(info)
[2023/1/23 16:53:0][|]  File "/home/alpha/桌面/ZeroDegree/core.py", line 264, in processingAttackCommand
[2023/1/23 16:53:0][|]    self.AttackCommand[command[0]](command)
[2023/1/23 16:53:0][|]  File "/home/alpha/桌面/ZeroDegree/core.py", line 183, in _use
[2023/1/23 16:53:0][|]    temp = __import__(name)
[2023/1/23 16:53:0][|]ModuleNotFoundError: No module named 'main'
[2023/1/23 16:53:0][|]
